<?xml version="1.0" encoding="UTF-8"?>
<testng-results ignored="0" total="1" passed="1" failed="0" skipped="0">
  <reporter-output>
  </reporter-output>
  <suite started-at="2025-11-28T15:07:26 IST" name="Default suite" finished-at="2025-11-28T15:07:37 IST" duration-ms="11661">
    <groups>
    </groups>
    <test started-at="2025-11-28T15:07:26 IST" name="Default test" finished-at="2025-11-28T15:07:37 IST" duration-ms="11661">
      <class name="testcases.TC_NavBar">
        <test-method is-config="true" signature="browserSetup()[pri:0, instance:testcases.TC_NavBar@bcec361]" started-at="2025-11-28T15:07:26 IST" name="browserSetup" finished-at="2025-11-28T15:07:34 IST" duration-ms="8366" status="PASS">
          <reporter-output>
          </reporter-output>
        </test-method> <!-- browserSetup -->
        <test-method signature="navTest()[pri:0, instance:testcases.TC_NavBar@bcec361]" started-at="2025-11-28T15:07:34 IST" name="navTest" finished-at="2025-11-28T15:07:37 IST" duration-ms="3166" status="PASS">
          <reporter-output>
          </reporter-output>
        </test-method> <!-- navTest -->
      </class> <!-- testcases.TC_NavBar -->
    </test> <!-- Default test -->
  </suite> <!-- Default suite -->
</testng-results>
